<?xml version="1.0" encoding="UTF-8"?>
<testng-results ignored="0" total="1" passed="1" failed="0" skipped="0">
  <reporter-output>
  </reporter-output>
  <suite started-at="2026-03-15T15:38:52 IST" name="Suite" finished-at="2026-03-15T15:39:01 IST" duration-ms="8364">
    <groups>
    </groups>
    <test started-at="2026-03-15T15:38:52 IST" name="Test" finished-at="2026-03-15T15:39:01 IST" duration-ms="8364">
      <class name="Run_Tests.LandingTest">
        <test-method signature="launchURL()[pri:0, instance:Run_Tests.LandingTest@62379589]" started-at="2026-03-15T15:38:52 IST" name="launchURL" finished-at="2026-03-15T15:39:01 IST" duration-ms="8263" status="PASS">
          <reporter-output>
          </reporter-output>
        </test-method> <!-- launchURL -->
      </class> <!-- Run_Tests.LandingTest -->
    </test> <!-- Test -->
  </suite> <!-- Suite -->
</testng-results>
